<?xml version="1.0" encoding="UTF-8"?>
<!-- Generated by org.testng.reporters.JUnitXMLReporter -->
<testsuite ignored="0" hostname="DESKTOP-BHA5M4A" failures="0" tests="6" name="Default test" time="10.491" errors="0" timestamp="2022-05-31T08:51:36 EDT">
  <testcase classname="SeleniumDay9.GroupingTest" name="a" time="0.008"/>
  <testcase classname="SeleniumDay9.GroupingTest" name="b" time="0.004"/>
  <testcase classname="SeleniumDay9.GroupingTest" name="c" time="0.002"/>
  <testcase classname="SeleniumDay9.GroupingTest" name="d" time="0.007"/>
  <testcase classname="SeleniumDay9.GroupingTest" name="e" time="0.005"/>
  <testcase classname="SeleniumDay9.GroupingTest" name="f" time="0.002"/>
</testsuite> <!-- Default test -->
