<?xml version="1.0" encoding="UTF-8"?>
<!-- Generated by org.testng.reporters.JUnitXMLReporter -->
<testsuite ignored="0" hostname="DESKTOP-BHA5M4A" failures="0" tests="6" name="Regression" time="0.076" errors="0" timestamp="2022-05-20T19:51:12 EDT">
  <testcase classname="SeleniumDay9K.OpenBrowser" name="@BeforeMethod beforeMethod" time="0.0">
    <failure type="java.lang.NullPointerException">
      <![CDATA[java.lang.NullPointerException
at Utilities.Driver.getDriver(Driver.java:18)
at SeleniumDay9K.OpenBrowser.beforeMethod(OpenBrowser.java:26)
at java.base/java.util.ArrayList.forEach(ArrayList.java:1541)
... Removed 31 stack frames]]>
    </failure>
  </testcase> <!-- @BeforeMethod beforeMethod -->
  <testcase classname="SeleniumDay9K.OpenBrowser" name="@AfterMethod afterMethod" time="0.0">
    <skipped/>
  </testcase> <!-- @AfterMethod afterMethod -->
  <testcase classname="SeleniumDay9K.OpenBrowser" name="Test" time="0.001">
    <skipped/>
  </testcase> <!-- Test -->
  <testcase classname="SeleniumDay9K.testPriorityInTestNG" name="c" time="0.003"/>
  <testcase classname="SeleniumDay9K.testPriorityInTestNG" name="b" time="0.002"/>
  <testcase classname="SeleniumDay9K.testPriorityInTestNG" name="a" time="0.001"/>
  <testcase classname="SeleniumDay9K.NewTest" name="c" time="0.003"/>
  <testcase classname="SeleniumDay9K.NewTest" name="f" time="0.001"/>
</testsuite> <!-- Regression -->
