<?xml version="1.0" encoding="UTF-8"?>
<!-- Generated by org.testng.reporters.JUnitXMLReporter -->
<testsuite ignored="2" hostname="DESKTOP-BHA5M4A" failures="0" tests="10" name="SmokeTest" time="0.17" errors="0" timestamp="2022-05-20T23:52:59 EDT">
  <testcase classname="SeleniumDay9.OpenBrowser" name="@BeforeMethod beforeMethod" time="0.004">
    <failure type="java.lang.NullPointerException">
      <![CDATA[java.lang.NullPointerException
at Utilities.Driver.getDriver(Driver.java:18)
at SeleniumDay9.OpenBrowser.beforeMethod(OpenBrowser.java:25)
at java.base/java.util.ArrayList.forEach(ArrayList.java:1541)
... Removed 31 stack frames]]>
    </failure>
  </testcase> <!-- @BeforeMethod beforeMethod -->
  <testcase classname="SeleniumDay9.OpenBrowser" name="@AfterMethod afterMethod" time="0.0">
    <skipped/>
  </testcase> <!-- @AfterMethod afterMethod -->
  <testcase classname="SeleniumDay9.GroupingTest" name="@BeforeMethod beforeMethod" time="0.0">
    <failure type="java.lang.NullPointerException">
      <![CDATA[java.lang.NullPointerException
at Utilities.Driver.getDriver(Driver.java:18)
at SeleniumDay9.GroupingTest.beforeMethod(GroupingTest.java:46)
at java.base/java.util.ArrayList.forEach(ArrayList.java:1541)
... Removed 31 stack frames]]>
    </failure>
  </testcase> <!-- @BeforeMethod beforeMethod -->
  <testcase classname="SeleniumDay9.GroupingTest" name="@AfterMethod afterMethod" time="0.0">
    <skipped/>
  </testcase> <!-- @AfterMethod afterMethod -->
  <testcase classname="SeleniumDay9.GroupingTest" name="@BeforeMethod beforeMethod" time="0.0">
    <skipped/>
  </testcase> <!-- @BeforeMethod beforeMethod -->
  <testcase classname="SeleniumDay9.GroupingTest" name="@AfterMethod afterMethod" time="0.0">
    <skipped/>
  </testcase> <!-- @AfterMethod afterMethod -->
  <testcase classname="SeleniumDay9.GroupingTest" name="@BeforeMethod beforeMethod" time="0.0">
    <skipped/>
  </testcase> <!-- @BeforeMethod beforeMethod -->
  <testcase classname="SeleniumDay9.GroupingTest" name="@AfterMethod afterMethod" time="0.0">
    <skipped/>
  </testcase> <!-- @AfterMethod afterMethod -->
  <testcase classname="SeleniumDay9.GroupingTest" name="@BeforeMethod beforeMethod" time="0.0">
    <skipped/>
  </testcase> <!-- @BeforeMethod beforeMethod -->
  <testcase classname="SeleniumDay9.GroupingTest" name="@AfterMethod afterMethod" time="0.0">
    <skipped/>
  </testcase> <!-- @AfterMethod afterMethod -->
  <testcase classname="SeleniumDay9.testPriorityInTestNG" name="B" time="0.006"/>
  <testcase classname="SeleniumDay9.testPriorityInTestNG" name="C" time="0.001"/>
  <testcase classname="SeleniumDay9.testPriorityInTestNG" name="A" time="0.001"/>
  <testcase classname="SeleniumDay9.OpenBrowser" name="Test" time="0.0">
    <skipped/>
  </testcase> <!-- Test -->
  <testcase classname="SeleniumDay9.NewTest" name="c" time="0.002"/>
  <testcase classname="SeleniumDay9.NewTest" name="f" time="0.004"/>
  <testcase classname="SeleniumDay9.GroupingTest" name="a" time="0.0">
    <skipped/>
  </testcase> <!-- a -->
  <testcase classname="SeleniumDay9.GroupingTest" name="b" time="0.0">
    <skipped/>
  </testcase> <!-- b -->
  <testcase classname="SeleniumDay9.GroupingTest" name="c" time="0.0">
    <skipped/>
  </testcase> <!-- c -->
  <testcase classname="SeleniumDay9.GroupingTest" name="d" time="0.0">
    <skipped/>
  </testcase> <!-- d -->
  <testcase classname="SeleniumDay9.GroupingTest" name="f" time="0.0">
    <ignored/>
  </testcase> <!-- f -->
  <testcase classname="SeleniumDay9.GroupingTest" name="e" time="0.0">
    <ignored/>
  </testcase> <!-- e -->
</testsuite> <!-- SmokeTest -->
