<?xml version="1.0" encoding="UTF-8"?>
<testng-results ignored="0" total="6" passed="6" failed="0" skipped="0">
  <reporter-output>
  </reporter-output>
  <suite started-at="2022-05-31T08:51:25 EDT" name="Default suite" finished-at="2022-05-31T08:51:36 EDT" duration-ms="10491">
    <groups>
      <group name="Regression">
        <method signature="GroupingTest.a()[pri:0, instance:SeleniumDay9.GroupingTest@50b5ac82]" name="a" class="SeleniumDay9.GroupingTest"/>
        <method signature="GroupingTest.c()[pri:0, instance:SeleniumDay9.GroupingTest@50b5ac82]" name="c" class="SeleniumDay9.GroupingTest"/>
        <method signature="GroupingTest.d()[pri:0, instance:SeleniumDay9.GroupingTest@50b5ac82]" name="d" class="SeleniumDay9.GroupingTest"/>
        <method signature="GroupingTest.e()[pri:0, instance:SeleniumDay9.GroupingTest@50b5ac82]" name="e" class="SeleniumDay9.GroupingTest"/>
      </group> <!-- Regression -->
      <group name="NotThis">
        <method signature="GroupingTest.f()[pri:0, instance:SeleniumDay9.GroupingTest@50b5ac82]" name="f" class="SeleniumDay9.GroupingTest"/>
      </group> <!-- NotThis -->
      <group name="login">
        <method signature="GroupingTest.a()[pri:0, instance:SeleniumDay9.GroupingTest@50b5ac82]" name="a" class="SeleniumDay9.GroupingTest"/>
      </group> <!-- login -->
      <group name="smokeTest">
        <method signature="GroupingTest.a()[pri:0, instance:SeleniumDay9.GroupingTest@50b5ac82]" name="a" class="SeleniumDay9.GroupingTest"/>
        <method signature="GroupingTest.b()[pri:0, instance:SeleniumDay9.GroupingTest@50b5ac82]" name="b" class="SeleniumDay9.GroupingTest"/>
      </group> <!-- smokeTest -->
    </groups>
    <test started-at="2022-05-31T08:51:25 EDT" name="Default test" finished-at="2022-05-31T08:51:36 EDT" duration-ms="10491">
      <class name="SeleniumDay9.GroupingTest">
        <test-method is-config="true" signature="beforeMethod()[pri:0, instance:SeleniumDay9.GroupingTest@50b5ac82]" started-at="2022-05-31T08:51:25 EDT" name="beforeMethod" finished-at="2022-05-31T08:51:36 EDT" duration-ms="10373" status="PASS">
          <reporter-output>
          </reporter-output>
        </test-method> <!-- beforeMethod -->
        <test-method signature="a()[pri:0, instance:SeleniumDay9.GroupingTest@50b5ac82]" started-at="2022-05-31T08:51:36 EDT" name="a" finished-at="2022-05-31T08:51:36 EDT" duration-ms="8" status="PASS">
          <reporter-output>
          </reporter-output>
        </test-method> <!-- a -->
        <test-method signature="b()[pri:0, instance:SeleniumDay9.GroupingTest@50b5ac82]" started-at="2022-05-31T08:51:36 EDT" name="b" finished-at="2022-05-31T08:51:36 EDT" duration-ms="4" status="PASS">
          <reporter-output>
          </reporter-output>
        </test-method> <!-- b -->
        <test-method is-config="true" signature="beforeMethod()[pri:0, instance:SeleniumDay9.GroupingTest@50b5ac82]" started-at="2022-05-31T08:51:36 EDT" name="beforeMethod" finished-at="2022-05-31T08:51:36 EDT" duration-ms="0" status="PASS">
          <reporter-output>
          </reporter-output>
        </test-method> <!-- beforeMethod -->
        <test-method is-config="true" signature="beforeMethod()[pri:0, instance:SeleniumDay9.GroupingTest@50b5ac82]" started-at="2022-05-31T08:51:36 EDT" name="beforeMethod" finished-at="2022-05-31T08:51:36 EDT" duration-ms="0" status="PASS">
          <reporter-output>
          </reporter-output>
        </test-method> <!-- beforeMethod -->
        <test-method signature="c()[pri:0, instance:SeleniumDay9.GroupingTest@50b5ac82]" started-at="2022-05-31T08:51:36 EDT" name="c" finished-at="2022-05-31T08:51:36 EDT" duration-ms="2" status="PASS">
          <reporter-output>
          </reporter-output>
        </test-method> <!-- c -->
        <test-method is-config="true" signature="beforeMethod()[pri:0, instance:SeleniumDay9.GroupingTest@50b5ac82]" started-at="2022-05-31T08:51:36 EDT" name="beforeMethod" finished-at="2022-05-31T08:51:36 EDT" duration-ms="0" status="PASS">
          <reporter-output>
          </reporter-output>
        </test-method> <!-- beforeMethod -->
        <test-method signature="d()[pri:0, instance:SeleniumDay9.GroupingTest@50b5ac82]" started-at="2022-05-31T08:51:36 EDT" name="d" finished-at="2022-05-31T08:51:36 EDT" duration-ms="7" status="PASS">
          <reporter-output>
          </reporter-output>
        </test-method> <!-- d -->
        <test-method is-config="true" signature="beforeMethod()[pri:0, instance:SeleniumDay9.GroupingTest@50b5ac82]" started-at="2022-05-31T08:51:36 EDT" name="beforeMethod" finished-at="2022-05-31T08:51:36 EDT" duration-ms="0" status="PASS">
          <reporter-output>
          </reporter-output>
        </test-method> <!-- beforeMethod -->
        <test-method signature="e()[pri:0, instance:SeleniumDay9.GroupingTest@50b5ac82]" started-at="2022-05-31T08:51:36 EDT" name="e" finished-at="2022-05-31T08:51:36 EDT" duration-ms="5" status="PASS">
          <reporter-output>
          </reporter-output>
        </test-method> <!-- e -->
        <test-method is-config="true" signature="beforeMethod()[pri:0, instance:SeleniumDay9.GroupingTest@50b5ac82]" started-at="2022-05-31T08:51:36 EDT" name="beforeMethod" finished-at="2022-05-31T08:51:36 EDT" duration-ms="1" status="PASS">
          <reporter-output>
          </reporter-output>
        </test-method> <!-- beforeMethod -->
        <test-method signature="f()[pri:0, instance:SeleniumDay9.GroupingTest@50b5ac82]" started-at="2022-05-31T08:51:36 EDT" name="f" finished-at="2022-05-31T08:51:36 EDT" duration-ms="2" status="PASS">
          <reporter-output>
          </reporter-output>
        </test-method> <!-- f -->
      </class> <!-- SeleniumDay9.GroupingTest -->
    </test> <!-- Default test -->
  </suite> <!-- Default suite -->
</testng-results>
